#
# A fatal error has been detected by the Java Runtime Environment:
#
#  EXCEPTION_ACCESS_VIOLATION (0xc0000005) at pc=0x00007ffbf121c817, pid=2812, tid=19276
#
# JRE version: Java(TM) SE Runtime Environment (17.0.2+8) (build 17.0.2+8-LTS-86)
# Java VM: Java HotSpot(TM) 64-Bit Server VM (17.0.2+8-LTS-86, mixed mode, sharing, tiered, compressed oops, compressed class ptrs, g1 gc, windows-amd64)
# Problematic frame:
# C  [lwjgl_opengl.dll+0xc817]
#
# No core dump will be written. Minidumps are not enabled by default on client versions of Windows
#
# If you would like to submit a bug report, please visit:
#   https://bugreport.java.com/bugreport/crash.jsp
# The crash happened outside the Java Virtual Machine in native code.
# See problematic frame for where to report the bug.
#

---------------  S U M M A R Y ------------

Command Line: -javaagent:C:\Program Files\JetBrains\IntelliJ IDEA Community Edition 2022.3.3\lib\idea_rt.jar=58272:C:\Program Files\JetBrains\IntelliJ IDEA Community Edition 2022.3.3\bin -Dfile.encoding=UTF-8 engine.io.Main

Host: 11th Gen Intel(R) Core(TM) i5-1135G7 @ 2.40GHz, 8 cores, 11G,  Windows 11 , 64 bit Build 22621 (10.0.22621.2215)
Time: Thu Sep 21 08:19:16 2023 Hora est. Pacífico, Sudamérica elapsed time: 1.489688 seconds (0d 0h 0m 1s)

---------------  T H R E A D  ---------------

Current thread (0x000001f7b9e04ed0):  JavaThread "main" [_thread_in_native, id=19276, stack(0x0000002201e00000,0x0000002201f00000)]

Stack: [0x0000002201e00000,0x0000002201f00000],  sp=0x0000002201eff118,  free space=1020k
Native frames: (J=compiled Java code, j=interpreted, Vv=VM code, C=native code)
C  [lwjgl_opengl.dll+0xc817]

Java frames: (J=compiled Java code, j=interpreted, Vv=VM code)
j  org.lwjgl.opengl.GL11C.glGetError()I+0
j  org.lwjgl.opengl.GL11.glGetError()I+0
j  org.newdawn.slick.opengl.renderer.ImmediateModeOGLRenderer.glGetError()V+0
j  org.newdawn.slick.opengl.InternalTextureLoader.getTexture(Ljava/io/InputStream;Ljava/lang/String;ZI[I)Lorg/newdawn/slick/opengl/TextureImpl;+202
j  org.newdawn.slick.opengl.InternalTextureLoader.getTexture(Ljava/io/InputStream;Ljava/lang/String;ZI)Lorg/newdawn/slick/opengl/Texture;+7
j  org.newdawn.slick.opengl.TextureLoader.getTexture(Ljava/lang/String;Ljava/io/InputStream;ZI)Lorg/newdawn/slick/opengl/Texture;+32
j  org.newdawn.slick.opengl.TextureLoader.getTexture(Ljava/lang/String;Ljava/io/InputStream;I)Lorg/newdawn/slick/opengl/Texture;+4
j  engine.graphics.Material.<init>(Ljava/lang/String;)V+22
j  engine.io.Main.<init>()V+225
j  engine.io.Main.main([Ljava/lang/String;)V+4
v  ~StubRoutines::call_stub

siginfo: EXCEPTION_ACCESS_VIOLATION (0xc0000005), reading address 0x0000000000000310


Register to memory mapping:

RIP=0x00007ffbf121c817 lwjgl_opengl.dll
RAX=0x000001f7db79cc90 points into unknown readable memory: 0x0000000000000000 | 00 00 00 00 00 00 00 00
RBX={method} {0x000001f7dad1c398} 'glGetError' '()I' in 'org/lwjgl/opengl/GL11C'
RCX=0x0 is NULL
RDX=0x0000002201eff1a0 is pointing into the stack for thread: 0x000001f7b9e04ed0
RSP=0x0000002201eff118 is pointing into the stack for thread: 0x000001f7b9e04ed0
RBP=0x0000002201eff190 is pointing into the stack for thread: 0x000001f7b9e04ed0
RSI=0x000000074e668ad0 is an oop: java.lang.String 
{0x000000074e668ad0} - klass: 'java/lang/String'
 - string: "java.io.BufferedInputStream@6a38e57f.png:false"
RDI=0x0 is NULL
R8 =0x0000000000000002 is an unknown value
R9 =0x0000000000000002 is an unknown value
R10=0x000001f7c165d5f2 is at code_begin+946 in an Interpreter codelet
method entry point (kind = native)  [0x000001f7c165d240, 0x000001f7c165dbc0]  2432 bytes
R11=0x000000074e2c3520 is an oop: java.lang.Class 
{0x000000074e2c3520} - klass: 'java/lang/Class'
 - ---- fields (total size 116 words):
 - private volatile transient 'classRedefinedCount' 'I' @12  0
 - private volatile transient 'cachedConstructor' 'Ljava/lang/reflect/Constructor;' @40  NULL (0)
 - private transient 'name' 'Ljava/lang/String;' @44  "org.lwjgl.opengl.GL11C"{0x000000074e2c38d0} (e9c5871a)
 - private transient 'module' 'Ljava/lang/Module;' @48  a 'java/lang/Module'{0x000000074eee9428} (e9ddd285)
 - private final 'classLoader' 'Ljava/lang/ClassLoader;' @52  a 'jdk/internal/loader/ClassLoaders$AppClassLoader'{0x000000074eee9268} (e9ddd24d)
 - private transient 'classData' 'Ljava/lang/Object;' @56  NULL (0)
 - private transient 'packageName' 'Ljava/lang/String;' @60  "org.lwjgl.opengl"{0x000000074e66c030} (e9ccd806)
 - private final 'componentType' 'Ljava/lang/Class;' @64  NULL (0)
 - private volatile transient 'reflectionData' 'Ljava/lang/ref/SoftReference;' @68  NULL (0)
 - private volatile transient 'genericInfo' 'Lsun/reflect/generics/repository/ClassRepository;' @72  NULL (0)
 - private volatile transient 'enumConstants' '[Ljava/lang/Object;' @76  NULL (0)
 - private volatile transient 'enumConstantDirectory' 'Ljava/util/Map;' @80  NULL (0)
 - private volatile transient 'annotationData' 'Ljava/lang/Class$AnnotationData;' @84  NULL (0)
 - private volatile transient 'annotationType' 'Lsun/reflect/annotation/AnnotationType;' @88  NULL (0)
 - transient 'classValueMap' 'Ljava/lang/ClassValue$ClassValueMap;' @92  NULL (0)
 - signature: Lorg/lwjgl/opengl/GL11C;
 - fake entry for mirror: 'org/lwjgl/opengl/GL11C'
 - fake entry for array: NULL
 - fake entry for oop_size: 116
 - fake entry for static_oop_field_count: 0
 - public static final 'GL_NEVER' 'I' @112  512 (200)
 - public static final 'GL_LESS' 'I' @116  513 (201)
 - public static final 'GL_EQUAL' 'I' @120  514 (202)
 - public static final 'GL_LEQUAL' 'I' @124  515 (203)
 - public static final 'GL_GREATER' 'I' @128  516 (204)
 - public static final 'GL_NOTEQUAL' 'I' @132  517 (205)
 - public static final 'GL_GEQUAL' 'I' @136  518 (206)
 - public static final 'GL_ALWAYS' 'I' @140  519 (207)
 - public static final 'GL_DEPTH_BUFFER_BIT' 'I' @144  256 (100)
 - public static final 'GL_STENCIL_BUFFER_BIT' 'I' @148  1024 (400)
 - public static final 'GL_COLOR_BUFFER_BIT' 'I' @152  16384 (4000)
 - public static final 'GL_POINTS' 'I' @156  0
 - public static final 'GL_LINES' 'I' @160  1
 - public static final 'GL_LINE_LOOP' 'I' @164  2
 - public static final 'GL_LINE_STRIP' 'I' @168  3
 - public static final 'GL_TRIANGLES' 'I' @172  4
 - public static final 'GL_TRIANGLE_STRIP' 'I' @176  5
 - public static final 'GL_TRIANGLE_FAN' 'I' @180  6
 - public static final 'GL_QUADS' 'I' @184  7
 - public static final 'GL_ZERO' 'I' @188  0
 - public static final 'GL_ONE' 'I' @192  1
 - public static final 'GL_SRC_COLOR' 'I' @196  768 (300)
 - public static final 'GL_ONE_MINUS_SRC_COLOR' 'I' @200  769 (301)
 - public static final 'GL_SRC_ALPHA' 'I' @204  770 (302)
 - public static final 'GL_ONE_MINUS_SRC_ALPHA' 'I' @208  771 (303)
 - public static final 'GL_DST_ALPHA' 'I' @212  772 (304)
 - public static final 'GL_ONE_MINUS_DST_ALPHA' 'I' @216  773 (305)
 - public static final 'GL_DST_COLOR' 'I' @220  774 (306)
 - public static final 'GL_ONE_MINUS_DST_COLOR' 'I' @224  775 (307)
 - public static final 'GL_SRC_ALPHA_SATURATE' 'I' @228  776 (308)
 - public static final 'GL_TRUE' 'I' @232  1
 - public static final 'GL_FALSE' 'I' @236  0
 - public static final 'GL_BYTE' 'I' @240  5120 (1400)
 - public static final 'GL_UNSIGNED_BYTE' 'I' @244  5121 (1401)
 - public static final 'GL_SHORT' 'I' @248  5122 (1402)
 - public static final 'GL_UNSIGNED_SHORT' 'I' @252  5123 (1403)
 - public static final 'GL_INT' 'I' @256  5124 (1404)
 - public static final 'GL_UNSIGNED_INT' 'I' @260  5125 (1405)
 - public static final 'GL_FLOAT' 'I' @264  5126 (1406)
 - public static final 'GL_DOUBLE' 'I' @268  5130 (140a)
 - public static final 'GL_NONE' 'I' @272  0
 - public static final 'GL_FRONT_LEFT' 'I' @276  1024 (400)
 - public static final 'GL_FRONT_RIGHT' 'I' @280  1025 (401)
 - public static final 'GL_BACK_LEFT' 'I' @284  1026 (402)
 - public static final 'GL_BACK_RIGHT' 'I' @288  1027 (403)
 - public static final 'GL_FRONT' 'I' @292  1028 (404)
 - public static final 'GL_BACK' 'I' @296  1029 (405)
 - public static final 'GL_LEFT' 'I' @300  1030 (406)
 - public static final 'GL_RIGHT' 'I' @304  1031 (407)
 - public static final 'GL_FRONT_AND_BACK' 'I' @308  1032 (408)
 - public static final 'GL_NO_ERROR' 'I' @312  0
 - public static final 'GL_INVALID_ENUM' 'I' @316  1280 (500)
 - public static final 'GL_INVALID_VALUE' 'I' @320  1281 (501)
 - public static final 'GL_INVALID_OPERATION' 'I' @324  1282 (502)
 - public static final 'GL_STACK_OVERFLOW' 'I' @328  1283 (503)
 - public static final 'GL_STACK_UNDERFLOW' 'I' @332  1284 (504)
 - public static final 'GL_OUT_OF_MEMORY' 'I' @336  1285 (505)
 - public static final 'GL_CW' 'I' @340  2304 (900)
 - public static final 'GL_CCW' 'I' @344  2305 (901)
 - public static final 'GL_POINT_SIZE' 'I' @348  2833 (b11)
 - public static final 'GL_POINT_SIZE_RANGE' 'I' @352  2834 (b12)
 - public static final 'GL_POINT_SIZE_GRANULARITY' 'I' @356  2835 (b13)
 - public static final 'GL_LINE_SMOOTH' 'I' @360  2848 (b20)
 - public static final 'GL_LINE_WIDTH' 'I' @364  2849 (b21)
 - public static final 'GL_LINE_WIDTH_RANGE' 'I' @368  2850 (b22)
 - public static final 'GL_LINE_WIDTH_GRANULARITY' 'I' @372  2851 (b23)
 - public static final 'GL_POLYGON_MODE' 'I' @376  2880 (b40)
 - public static final 'GL_POLYGON_SMOOTH' 'I' @380  2881 (b41)
 - public static final 'GL_CULL_FACE' 'I' @384  2884 (b44)
 - public static final 'GL_CULL_FACE_MODE' 'I' @388  2885 (b45)
 - public static final 'GL_FRONT_FACE' 'I' @392  2886 (b46)
 - public static final 'GL_DEPTH_RANGE' 'I' @396  2928 (b70)
 - public static final 'GL_DEPTH_TEST' 'I' @400  2929 (b71)
 - public static final 'GL_DEPTH_WRITEMASK' 'I' @404  2930 (b72)
 - public static final 'GL_DEPTH_CLEAR_VALUE' 'I' @408  2931 (b73)
 - public static final 'GL_DEPTH_FUNC' 'I' @412  2932 (b74)
 - public static final 'GL_STENCIL_TEST' 'I' @416  2960 (b90)
 - public static final 'GL_STENCIL_CLEAR_VALUE' 'I' @420  2961 (b91)
 - public static final 'GL_STENCIL_FUNC' 'I' @424  2962 (b92)
 - public static final 'GL_STENCIL_VALUE_MASK' 'I' @428  2963 (b93)
 - public static final 'GL_STENCIL_FAIL' 'I' @432  2964 (b94)
 - public static final 'GL_STENCIL_PASS_DEPTH_FAIL' 'I' @436  2965 (b95)
 - public static final 'GL_STENCIL_PASS_DEPTH_PASS' 'I' @440  2966 (b96)
 - public static final 'GL_STENCIL_REF' 'I' @444  2967 (b97)
 - public static final 'GL_STENCIL_WRITEMASK' 'I' @448  2968 (b98)
 - public static final 'GL_VIEWPORT' 'I' @452  2978 (ba2)
 - public static final 'GL_DITHER' 'I' @456  3024 (bd0)
 - public static final 'GL_BLEND_DST' 'I' @460  3040 (be0)
 - public static final 'GL_BLEND_SRC' 'I' @464  3041 (be1)
 - public static final 'GL_BLEND' 'I' @468  3042 (be2)
 - public static final 'GL_LOGIC_OP_MODE' 'I' @472  3056 (bf0)
 - public static final 'GL_COLOR_LOGIC_OP' 'I' @476  3058 (bf2)
 - public static final 'GL_DRAW_BUFFER' 'I' @480  3073 (c01)
 - public static final 'GL_READ_BUFFER' 'I' @484  3074 (c02)
 - public static final 'GL_SCISSOR_BOX' 'I' @488  3088 (c10)
 - public static final 'GL_SCISSOR_TEST' 'I' @492  3089 (c11)
 - public static final 'GL_COLOR_CLEAR_VALUE' 'I' @496  3106 (c22)
 - public static final 'GL_COLOR_WRITEMASK' 'I' @500  3107 (c23)
 - public static final 'GL_DOUBLEBUFFER' 'I' @504  3122 (c32)
 - public static final 'GL_STEREO' 'I' @508  3123 (c33)
 - public static final 'GL_LINE_SMOOTH_HINT' 'I' @512  3154 (c52)
 - public static final 'GL_POLYGON_SMOOTH_HINT' 'I' @516  3155 (c53)
 - public static final 'GL_UNPACK_SWAP_BYTES' 'I' @520  3312 (cf0)
 - public static final 'GL_UNPACK_LSB_FIRST' 'I' @524  3313 (cf1)
 - public static final 'GL_UNPACK_ROW_LENGTH' 'I' @528  3314 (cf2)
 - public static final 'GL_UNPACK_SKIP_ROWS' 'I' @532  3315 (cf3)
 - public static final 'GL_UNPACK_SKIP_PIXELS' 'I' @536  3316 (cf4)
 - public static final 'GL_UNPACK_ALIGNMENT' 'I' @540  3317 (cf5)
 - public static final 'GL_PACK_SWAP_BYTES' 'I' @544  3328 (d00)
 - public static final 'GL_PACK_LSB_FIRST' 'I' @548  3329 (d01)
 - public static final 'GL_PACK_ROW_LENGTH' 'I' @552  3330 (d02)
 - public static final 'GL_PACK_SKIP_ROWS' 'I' @556  3331 (d03)
 - public static final 'GL_PACK_SKIP_PIXELS' 'I' @560  3332 (d04)
 - public static final 'GL_PACK_ALIGNMENT' 'I' @564  3333 (d05)
 - public static final 'GL_MAX_TEXTURE_SIZE' 'I' @568  3379 (d33)
 - public static final 'GL_MAX_VIEWPORT_DIMS' 'I' @572  3386 (d3a)
 - public static final 'GL_SUBPIXEL_BITS' 'I' @576  3408 (d50)
 - public static final 'GL_TEXTURE_1D' 'I' @580  3552 (de0)
 - public static final 'GL_TEXTURE_2D' 'I' @584  3553 (de1)
 - public static final 'GL_TEXTURE_WIDTH' 'I' @588  4096 (1000)
 - public static final 'GL_TEXTURE_HEIGHT' 'I' @592  4097 (1001)
 - public static final 'GL_TEXTURE_INTERNAL_FORMAT' 'I' @596  4099 (1003)
 - public static final 'GL_TEXTURE_BORDER_COLOR' 'I' @600  4100 (1004)
 - public static final 'GL_DONT_CARE' 'I' @604  4352 (1100)
 - public static final 'GL_FASTEST' 'I' @608  4353 (1101)
 - public static final 'GL_NICEST' 'I' @612  4354 (1102)
 - public static final 'GL_CLEAR' 'I' @616  5376 (1500)
 - public static final 'GL_AND' 'I' @620  5377 (1501)
 - public static final 'GL_AND_REVERSE' 'I' @624  5378 (1502)
 - public static final 'GL_COPY' 'I' @628  5379 (1503)
 - public static final 'GL_AND_INVERTED' 'I' @632  5380 (1504)
 - public static final 'GL_NOOP' 'I' @636  5381 (1505)
 - public static final 'GL_XOR' 'I' @640  5382 (1506)
 - public static final 'GL_OR' 'I' @644  5383 (1507)
 - public static final 'GL_NOR' 'I' @648  5384 (1508)
 - public static final 'GL_EQUIV' 'I' @652  5385 (1509)
 - public static final 'GL_INVERT' 'I' @656  5386 (150a)
 - public static final 'GL_OR_REVERSE' 'I' @660  5387 (150b)
 - public static final 'GL_COPY_INVERTED' 'I' @664  5388 (150c)
 - public static final 'GL_OR_INVERTED' 'I' @668  5389 (150d)
 - public static final 'GL_NAND' 'I' @672  5390 (150e)
 - public static final 'GL_SET' 'I' @676  5391 (150f)
 - public static final 'GL_TEXTURE' 'I' @680  5890 (1702)
 - public static final 'GL_COLOR' 'I' @684  6144 (1800)
 - public static final 'GL_DEPTH' 'I' @688  6145 (1801)
 - public static final 'GL_STENCIL' 'I' @692  6146 (1802)
 - public static final 'GL_STENCIL_INDEX' 'I' @696  6401 (1901)
 - public static final 'GL_DEPTH_COMPONENT' 'I' @700  6402 (1902)
 - public static final 'GL_RED' 'I' @704  6403 (1903)
 - public static final 'GL_GREEN' 'I' @708  6404 (1904)
 - public static final 'GL_BLUE' 'I' @712  6405 (1905)
 - public static final 'GL_ALPHA' 'I' @716  6406 (1906)
 - public static final 'GL_RGB' 'I' @720  6407 (1907)
 - public static final 'GL_RGBA' 'I' @724  6408 (1908)
 - public static final 'GL_POINT' 'I' @728  6912 (1b00)
 - public static final 'GL_LINE' 'I' @732  6913 (1b01)
 - public static final 'GL_FILL' 'I' @736  6914 (1b02)
 - public static final 'GL_KEEP' 'I' @740  7680 (1e00)
 - public static final 'GL_REPLACE' 'I' @744  7681 (1e01)
 - public static final 'GL_INCR' 'I' @748  7682 (1e02)
 - public static final 'GL_DECR' 'I' @752  7683 (1e03)
 - public static final 'GL_VENDOR' 'I' @756  7936 (1f00)
 - public static final 'GL_RENDERER' 'I' @760  7937 (1f01)
 - public static final 'GL_VERSION' 'I' @764  7938 (1f02)
 - public static final 'GL_EXTENSIONS' 'I' @768  7939 (1f03)
 - public static final 'GL_NEAREST' 'I' @772  9728 (2600)
 - public static final 'GL_LINEAR' 'I' @776  9729 (2601)
 - public static final 'GL_NEAREST_MIPMAP_NEAREST' 'I' @780  9984 (2700)
 - public static final 'GL_LINEAR_MIPMAP_NEAREST' 'I' @784  9985 (2701)
 - public static final 'GL_NEAREST_MIPMAP_LINEAR' 'I' @788  9986 (2702)
 - public static final 'GL_LINEAR_MIPMAP_LINEAR' 'I' @792  9987 (2703)
 - public static final 'GL_TEXTURE_MAG_FILTER' 'I' @796  10240 (2800)
 - public static final 'GL_TEXTURE_MIN_FILTER' 'I' @800  10241 (2801)
 - public static final 'GL_TEXTURE_WRAP_S' 'I' @804  10242 (2802)
 - public static final 'GL_TEXTURE_WRAP_T' 'I' @808  10243 (2803)
 - public static final 'GL_REPEAT' 'I' @812  10497 (2901)
 - public static final 'GL_POLYGON_OFFSET_FACTOR' 'I' @816  32824 (8038)
 - public static final 'GL_POLYGON_OFFSET_UNITS' 'I' @820  10752 (2a00)
 - public static final 'GL_POLYGON_OFFSET_POINT' 'I' @824  10753 (2a01)
 - public static final 'GL_POLYGON_OFFSET_LINE' 'I' @828  10754 (2a02)
 - public static final 'GL_POLYGON_OFFSET_FILL' 'I' @832  32823 (8037)
 - public static final 'GL_R3_G3_B2' 'I' @836  10768 (2a10)
 - public static final 'GL_RGB4' 'I' @840  32847 (804f)
 - public static final 'GL_RGB5' 'I' @844  32848 (8050)
 - public static final 'GL_RGB8' 'I' @848  32849 (8051)
 - public static final 'GL_RGB10' 'I' @852  32850 (8052)
 - public static final 'GL_RGB12' 'I' @856  32851 (8053)
 - public static final 'GL_RGB16' 'I' @860  32852 (8054)
 - public static final 'GL_RGBA2' 'I' @864  32853 (8055)
 - public static final 'GL_RGBA4' 'I' @868  32854 (8056)
 - public static final 'GL_RGB5_A1' 'I' @872  32855 (8057)
 - public static final 'GL_RGBA8' 'I' @876  32856 (8058)
 - public static final 'GL_RGB10_A2' 'I' @880  32857 (8059)
 - public static final 'GL_RGBA12' 'I' @884  32858 (805a)
 - public static final 'GL_RGBA16' 'I' @888  32859 (805b)
 - public static final 'GL_TEXTURE_RED_SIZE' 'I' @892  32860 (805c)
 - public static final 'GL_TEXTURE_GREEN_SIZE' 'I' @896  32861 (805d)
 - public static final 'GL_TEXTURE_BLUE_SIZE' 'I' @900  32862 (805e)
 - public static final 'GL_TEXTURE_ALPHA_SIZE' 'I' @904  32863 (805f)
 - public static final 'GL_PROXY_TEXTURE_1D' 'I' @908  32867 (8063)
 - public static final 'GL_PROXY_TEXTURE_2D' 'I' @912  32868 (8064)
 - public static final 'GL_TEXTURE_BINDING_1D' 'I' @916  32872 (8068)
 - public static final 'GL_TEXTURE_BINDING_2D' 'I' @920  32873 (8069)
 - public static final 'GL_VERTEX_ARRAY' 'I' @924  32884 (8074)
R12=0x0 is NULL
R13=0x000001f7dad1c388 is pointing into metadata
R14=0x0000002201eff1a8 is pointing into the stack for thread: 0x000001f7b9e04ed0
R15=0x000001f7b9e04ed0 is a thread


Registers:
RAX=0x000001f7db79cc90, RBX=0x000001f7dad1c390, RCX=0x0000000000000000, RDX=0x0000002201eff1a0
RSP=0x0000002201eff118, RBP=0x0000002201eff190, RSI=0x000000074e668ad0, RDI=0x0000000000000000
R8 =0x0000000000000002, R9 =0x0000000000000002, R10=0x000001f7c165d5f2, R11=0x000000074e2c3520
R12=0x0000000000000000, R13=0x000001f7dad1c388, R14=0x0000002201eff1a8, R15=0x000001f7b9e04ed0
RIP=0x00007ffbf121c817, EFLAGS=0x0000000000010202

Top of Stack: (sp=0x0000002201eff118)
0x0000002201eff118:   000001f7c165d621 000001f7dad1c390
0x0000002201eff128:   000000074e668ad0 000001f7b9e04ed0
0x0000002201eff138:   0000002201eff180 000001f7c165d2f6
0x0000002201eff148:   0000002201eff148 000001f7dad1c388
0x0000002201eff158:   0000002201eff1a8 000001f7dad167d8
0x0000002201eff168:   0000000000000000 000000074e2c3520
0x0000002201eff178:   000001f7dad1c390 0000000000000000
0x0000002201eff188:   0000002201eff1b0 0000002201eff1f8
0x0000002201eff198:   000001f7c1659612 000000074e2c3520
0x0000002201eff1a8:   000001f7c165af76 0000002201eff1b0
0x0000002201eff1b8:   000001f7dac2b388 0000002201eff200
0x0000002201eff1c8:   000001f7dac50000 0000000000000000
0x0000002201eff1d8:   000000074e6aca90 000001f7dac2b3a0
0x0000002201eff1e8:   0000002201eff1b0 0000002201eff208
0x0000002201eff1f8:   0000002201eff250 000001f7c1659612
0x0000002201eff208:   0000002201eff208 000001f7dac17fe0 

Instructions: (pc=0x00007ffbf121c817)
0x00007ffbf121c717:   48 ff a1 98 02 00 00 cc cc 48 8b 01 48 8b 48 18
0x00007ffbf121c727:   48 ff a1 a0 02 00 00 cc cc 48 8b 01 41 8b c8 48
0x00007ffbf121c737:   8b 50 18 48 ff a2 c8 02 00 00 cc cc cc cc cc cc
0x00007ffbf121c747:   cc cc cc cc cc cc cc cc cc 48 8b 01 49 8b d1 41
0x00007ffbf121c757:   8b c8 4c 8b 50 18 49 ff a2 d8 02 00 00 cc cc cc
0x00007ffbf121c767:   cc cc cc cc cc cc cc cc cc 48 8b 01 49 8b d1 41
0x00007ffbf121c777:   8b c8 4c 8b 50 18 49 ff a2 e0 02 00 00 cc cc cc
0x00007ffbf121c787:   cc cc cc cc cc cc cc cc cc 48 8b 01 49 8b d1 41
0x00007ffbf121c797:   8b c8 4c 8b 50 18 49 ff a2 f0 02 00 00 cc cc cc
0x00007ffbf121c7a7:   cc cc cc cc cc cc cc cc cc 48 8b 01 49 8b d1 41
0x00007ffbf121c7b7:   8b c8 4c 8b 50 18 49 ff a2 f8 02 00 00 cc cc cc
0x00007ffbf121c7c7:   cc cc cc cc cc cc cc cc cc 48 8b 01 49 8b d1 41
0x00007ffbf121c7d7:   8b c8 4c 8b 50 18 49 ff a2 00 03 00 00 cc cc cc
0x00007ffbf121c7e7:   cc cc cc cc cc cc cc cc cc 48 8b 01 49 8b d1 41
0x00007ffbf121c7f7:   8b c8 4c 8b 50 18 49 ff a2 08 03 00 00 cc cc cc
0x00007ffbf121c807:   cc cc cc cc cc cc cc cc cc 48 8b 01 48 8b 48 18
0x00007ffbf121c817:   48 8b 81 10 03 00 00 48 ff e0 cc cc cc cc cc cc
0x00007ffbf121c827:   cc cc cc cc cc cc cc cc cc 48 8b 01 49 8b d1 41
0x00007ffbf121c837:   8b c8 4c 8b 50 18 49 ff a2 68 03 00 00 cc cc cc
0x00007ffbf121c847:   cc cc cc cc cc cc cc cc cc 48 8b 01 48 8b 48 18
0x00007ffbf121c857:   48 8b 81 78 03 00 00 41 8b c8 48 ff e0 cc cc cc
0x00007ffbf121c867:   cc cc cc cc cc cc cc cc cc 40 53 48 8b 01 41 8b
0x00007ffbf121c877:   d8 44 8b 44 24 30 41 8b d1 44 8b 4c 24 38 8b cb
0x00007ffbf121c887:   4c 8b 50 18 48 8b 44 24 40 48 89 44 24 30 5b 49
0x00007ffbf121c897:   ff a2 a8 03 00 00 cc cc cc 40 53 48 8b 01 41 8b
0x00007ffbf121c8a7:   d8 44 8b 44 24 30 41 8b d1 4c 8b 4c 24 38 8b cb
0x00007ffbf121c8b7:   4c 8b 50 18 5b 49 ff a2 b0 03 00 00 cc cc cc cc
0x00007ffbf121c8c7:   cc cc cc cc cc cc cc cc cc 40 53 48 8b 01 41 8b
0x00007ffbf121c8d7:   d8 44 8b 44 24 30 41 8b d1 4c 8b 4c 24 38 8b cb
0x00007ffbf121c8e7:   4c 8b 50 18 5b 49 ff a2 b8 03 00 00 cc cc cc cc
0x00007ffbf121c8f7:   cc cc cc cc cc cc cc cc cc 48 8b 01 45 8b d8 4c
0x00007ffbf121c907:   8b 44 24 28 41 8b d1 41 8b cb 4c 8b 50 18 49 ff 


Stack slot to memory mapping:
stack at sp + 0 slots: 0x000001f7c165d621 is at code_begin+993 in an Interpreter codelet
method entry point (kind = native)  [0x000001f7c165d240, 0x000001f7c165dbc0]  2432 bytes
stack at sp + 1 slots: {method} {0x000001f7dad1c398} 'glGetError' '()I' in 'org/lwjgl/opengl/GL11C'
stack at sp + 2 slots: 0x000000074e668ad0 is an oop: java.lang.String 
{0x000000074e668ad0} - klass: 'java/lang/String'
 - string: "java.io.BufferedInputStream@6a38e57f.png:false"
stack at sp + 3 slots: 0x000001f7b9e04ed0 is a thread
stack at sp + 4 slots: 0x0000002201eff180 is pointing into the stack for thread: 0x000001f7b9e04ed0
stack at sp + 5 slots: 0x000001f7c165d2f6 is at code_begin+182 in an Interpreter codelet
method entry point (kind = native)  [0x000001f7c165d240, 0x000001f7c165dbc0]  2432 bytes
stack at sp + 6 slots: 0x0000002201eff148 is pointing into the stack for thread: 0x000001f7b9e04ed0
stack at sp + 7 slots: 0x000001f7dad1c388 is pointing into metadata


---------------  P R O C E S S  ---------------

Threads class SMR info:
_java_thread_list=0x000001f7db850370, length=13, elements={
0x000001f7b9e04ed0, 0x000001f7da3da960, 0x000001f7da3db510, 0x000001f7da3ebd40,
0x000001f7da3ec800, 0x000001f7da3f21e0, 0x000001f7da3f3330, 0x000001f7da3f40c0,
0x000001f7da3f5300, 0x000001f7da3f73b0, 0x000001f7db0af8a0, 0x000001f7db4b0640,
0x000001f7db4b0b10
}

Java Threads: ( => current thread )
=>0x000001f7b9e04ed0 JavaThread "main" [_thread_in_native, id=19276, stack(0x0000002201e00000,0x0000002201f00000)]
  0x000001f7da3da960 JavaThread "Reference Handler" daemon [_thread_blocked, id=13488, stack(0x0000002202500000,0x0000002202600000)]
  0x000001f7da3db510 JavaThread "Finalizer" daemon [_thread_blocked, id=8836, stack(0x0000002202600000,0x0000002202700000)]
  0x000001f7da3ebd40 JavaThread "Signal Dispatcher" daemon [_thread_blocked, id=14904, stack(0x0000002202700000,0x0000002202800000)]
  0x000001f7da3ec800 JavaThread "Attach Listener" daemon [_thread_blocked, id=6220, stack(0x0000002202800000,0x0000002202900000)]
  0x000001f7da3f21e0 JavaThread "Service Thread" daemon [_thread_blocked, id=15728, stack(0x0000002202900000,0x0000002202a00000)]
  0x000001f7da3f3330 JavaThread "Monitor Deflation Thread" daemon [_thread_blocked, id=12224, stack(0x0000002202a00000,0x0000002202b00000)]
  0x000001f7da3f40c0 JavaThread "C2 CompilerThread0" daemon [_thread_blocked, id=12888, stack(0x0000002202b00000,0x0000002202c00000)]
  0x000001f7da3f5300 JavaThread "C1 CompilerThread0" daemon [_thread_blocked, id=1552, stack(0x0000002202c00000,0x0000002202d00000)]
  0x000001f7da3f73b0 JavaThread "Sweeper thread" daemon [_thread_blocked, id=16972, stack(0x0000002202d00000,0x0000002202e00000)]
  0x000001f7db0af8a0 JavaThread "Common-Cleaner" daemon [_thread_blocked, id=20368, stack(0x0000002202e00000,0x0000002202f00000)]
  0x000001f7db4b0640 JavaThread "Monitor Ctrl-Break" daemon [_thread_in_native, id=6672, stack(0x0000002203000000,0x0000002203100000)]
  0x000001f7db4b0b10 JavaThread "Notification Thread" daemon [_thread_blocked, id=11372, stack(0x0000002203100000,0x0000002203200000)]

Other Threads:
  0x000001f7da3d3f10 VMThread "VM Thread" [stack: 0x0000002202400000,0x0000002202500000] [id=3420]
  0x000001f7db535970 WatcherThread [stack: 0x0000002203200000,0x0000002203300000] [id=13908]
  0x000001f7b9e47fb0 GCTaskThread "GC Thread#0" [stack: 0x0000002201f00000,0x0000002202000000] [id=9792]
  0x000001f7b9e54bc0 ConcurrentGCThread "G1 Main Marker" [stack: 0x0000002202000000,0x0000002202100000] [id=4376]
  0x000001f7b9e555d0 ConcurrentGCThread "G1 Conc#0" [stack: 0x0000002202100000,0x0000002202200000] [id=20260]
  0x000001f7da2904a0 ConcurrentGCThread "G1 Refine#0" [stack: 0x0000002202200000,0x0000002202300000] [id=19176]
  0x000001f7da291ed0 ConcurrentGCThread "G1 Service" [stack: 0x0000002202300000,0x0000002202400000] [id=13328]

Threads with active compile tasks:

VM state: not at safepoint (normal execution)

VM Mutex/Monitor currently owned by a thread: None

Heap address: 0x0000000743200000, size: 3022 MB, Compressed Oops mode: Zero based, Oop shift amount: 3

CDS archive(s) mapped at: [0x0000000800000000-0x0000000800bc0000-0x0000000800bc0000), size 12320768, SharedBaseAddress: 0x0000000800000000, ArchiveRelocationMode: 0.
Compressed class space mapped at: 0x0000000800c00000-0x0000000840c00000, reserved size: 1073741824
Narrow klass base: 0x0000000800000000, Narrow klass shift: 0, Narrow klass range: 0x100000000

GC Precious Log:
 CPUs: 8 total, 8 available
 Memory: 12087M
 Large Page Support: Disabled
 NUMA Support: Disabled
 Compressed Oops: Enabled (Zero based)
 Heap Region Size: 2M
 Heap Min Capacity: 8M
 Heap Initial Capacity: 190M
 Heap Max Capacity: 3022M
 Pre-touch: Disabled
 Parallel Workers: 8
 Concurrent Workers: 2
 Concurrent Refinement Workers: 8
 Periodic GC: Disabled

Heap:
 garbage-first heap   total 194560K, used 12288K [0x0000000743200000, 0x0000000800000000)
  region size 2048K, 7 young (14336K), 0 survivors (0K)
 Metaspace       used 3417K, committed 3584K, reserved 1056768K
  class space    used 249K, committed 320K, reserved 1048576K

Heap Regions: E=young(eden), S=young(survivor), O=old, HS=humongous(starts), HC=humongous(continues), CS=collection set, F=free, OA=open archive, CA=closed archive, TAMS=top-at-mark-start (previous, next)
|   0|0x0000000743200000, 0x0000000743200000, 0x0000000743400000|  0%| F|  |TAMS 0x0000000743200000, 0x0000000743200000| Untracked 
|   1|0x0000000743400000, 0x0000000743400000, 0x0000000743600000|  0%| F|  |TAMS 0x0000000743400000, 0x0000000743400000| Untracked 
|   2|0x0000000743600000, 0x0000000743600000, 0x0000000743800000|  0%| F|  |TAMS 0x0000000743600000, 0x0000000743600000| Untracked 
|   3|0x0000000743800000, 0x0000000743800000, 0x0000000743a00000|  0%| F|  |TAMS 0x0000000743800000, 0x0000000743800000| Untracked 
|   4|0x0000000743a00000, 0x0000000743a00000, 0x0000000743c00000|  0%| F|  |TAMS 0x0000000743a00000, 0x0000000743a00000| Untracked 
|   5|0x0000000743c00000, 0x0000000743c00000, 0x0000000743e00000|  0%| F|  |TAMS 0x0000000743c00000, 0x0000000743c00000| Untracked 
|   6|0x0000000743e00000, 0x0000000743e00000, 0x0000000744000000|  0%| F|  |TAMS 0x0000000743e00000, 0x0000000743e00000| Untracked 
|   7|0x0000000744000000, 0x0000000744000000, 0x0000000744200000|  0%| F|  |TAMS 0x0000000744000000, 0x0000000744000000| Untracked 
|   8|0x0000000744200000, 0x0000000744200000, 0x0000000744400000|  0%| F|  |TAMS 0x0000000744200000, 0x0000000744200000| Untracked 
|   9|0x0000000744400000, 0x0000000744400000, 0x0000000744600000|  0%| F|  |TAMS 0x0000000744400000, 0x0000000744400000| Untracked 
|  10|0x0000000744600000, 0x0000000744600000, 0x0000000744800000|  0%| F|  |TAMS 0x0000000744600000, 0x0000000744600000| Untracked 
|  11|0x0000000744800000, 0x0000000744800000, 0x0000000744a00000|  0%| F|  |TAMS 0x0000000744800000, 0x0000000744800000| Untracked 
|  12|0x0000000744a00000, 0x0000000744a00000, 0x0000000744c00000|  0%| F|  |TAMS 0x0000000744a00000, 0x0000000744a00000| Untracked 
|  13|0x0000000744c00000, 0x0000000744c00000, 0x0000000744e00000|  0%| F|  |TAMS 0x0000000744c00000, 0x0000000744c00000| Untracked 
|  14|0x0000000744e00000, 0x0000000744e00000, 0x0000000745000000|  0%| F|  |TAMS 0x0000000744e00000, 0x0000000744e00000| Untracked 
|  15|0x0000000745000000, 0x0000000745000000, 0x0000000745200000|  0%| F|  |TAMS 0x0000000745000000, 0x0000000745000000| Untracked 
|  16|0x0000000745200000, 0x0000000745200000, 0x0000000745400000|  0%| F|  |TAMS 0x0000000745200000, 0x0000000745200000| Untracked 
|  17|0x0000000745400000, 0x0000000745400000, 0x0000000745600000|  0%| F|  |TAMS 0x0000000745400000, 0x0000000745400000| Untracked 
|  18|0x0000000745600000, 0x0000000745600000, 0x0000000745800000|  0%| F|  |TAMS 0x0000000745600000, 0x0000000745600000| Untracked 
|  19|0x0000000745800000, 0x0000000745800000, 0x0000000745a00000|  0%| F|  |TAMS 0x0000000745800000, 0x0000000745800000| Untracked 
|  20|0x0000000745a00000, 0x0000000745a00000, 0x0000000745c00000|  0%| F|  |TAMS 0x0000000745a00000, 0x0000000745a00000| Untracked 
|  21|0x0000000745c00000, 0x0000000745c00000, 0x0000000745e00000|  0%| F|  |TAMS 0x0000000745c00000, 0x0000000745c00000| Untracked 
|  22|0x0000000745e00000, 0x0000000745e00000, 0x0000000746000000|  0%| F|  |TAMS 0x0000000745e00000, 0x0000000745e00000| Untracked 
|  23|0x0000000746000000, 0x0000000746000000, 0x0000000746200000|  0%| F|  |TAMS 0x0000000746000000, 0x0000000746000000| Untracked 
|  24|0x0000000746200000, 0x0000000746200000, 0x0000000746400000|  0%| F|  |TAMS 0x0000000746200000, 0x0000000746200000| Untracked 
|  25|0x0000000746400000, 0x0000000746400000, 0x0000000746600000|  0%| F|  |TAMS 0x0000000746400000, 0x0000000746400000| Untracked 
|  26|0x0000000746600000, 0x0000000746600000, 0x0000000746800000|  0%| F|  |TAMS 0x0000000746600000, 0x0000000746600000| Untracked 
|  27|0x0000000746800000, 0x0000000746800000, 0x0000000746a00000|  0%| F|  |TAMS 0x0000000746800000, 0x0000000746800000| Untracked 
|  28|0x0000000746a00000, 0x0000000746a00000, 0x0000000746c00000|  0%| F|  |TAMS 0x0000000746a00000, 0x0000000746a00000| Untracked 
|  29|0x0000000746c00000, 0x0000000746c00000, 0x0000000746e00000|  0%| F|  |TAMS 0x0000000746c00000, 0x0000000746c00000| Untracked 
|  30|0x0000000746e00000, 0x0000000746e00000, 0x0000000747000000|  0%| F|  |TAMS 0x0000000746e00000, 0x0000000746e00000| Untracked 
|  31|0x0000000747000000, 0x0000000747000000, 0x0000000747200000|  0%| F|  |TAMS 0x0000000747000000, 0x0000000747000000| Untracked 
|  32|0x0000000747200000, 0x0000000747200000, 0x0000000747400000|  0%| F|  |TAMS 0x0000000747200000, 0x0000000747200000| Untracked 
|  33|0x0000000747400000, 0x0000000747400000, 0x0000000747600000|  0%| F|  |TAMS 0x0000000747400000, 0x0000000747400000| Untracked 
|  34|0x0000000747600000, 0x0000000747600000, 0x0000000747800000|  0%| F|  |TAMS 0x0000000747600000, 0x0000000747600000| Untracked 
|  35|0x0000000747800000, 0x0000000747800000, 0x0000000747a00000|  0%| F|  |TAMS 0x0000000747800000, 0x0000000747800000| Untracked 
|  36|0x0000000747a00000, 0x0000000747a00000, 0x0000000747c00000|  0%| F|  |TAMS 0x0000000747a00000, 0x0000000747a00000| Untracked 
|  37|0x0000000747c00000, 0x0000000747c00000, 0x0000000747e00000|  0%| F|  |TAMS 0x0000000747c00000, 0x0000000747c00000| Untracked 
|  38|0x0000000747e00000, 0x0000000747e00000, 0x0000000748000000|  0%| F|  |TAMS 0x0000000747e00000, 0x0000000747e00000| Untracked 
|  39|0x0000000748000000, 0x0000000748000000, 0x0000000748200000|  0%| F|  |TAMS 0x0000000748000000, 0x0000000748000000| Untracked 
|  40|0x0000000748200000, 0x0000000748200000, 0x0000000748400000|  0%| F|  |TAMS 0x0000000748200000, 0x0000000748200000| Untracked 
|  41|0x0000000748400000, 0x0000000748400000, 0x0000000748600000|  0%| F|  |TAMS 0x0000000748400000, 0x0000000748400000| Untracked 
|  42|0x0000000748600000, 0x0000000748600000, 0x0000000748800000|  0%| F|  |TAMS 0x0000000748600000, 0x0000000748600000| Untracked 
|  43|0x0000000748800000, 0x0000000748800000, 0x0000000748a00000|  0%| F|  |TAMS 0x0000000748800000, 0x0000000748800000| Untracked 
|  44|0x0000000748a00000, 0x0000000748a00000, 0x0000000748c00000|  0%| F|  |TAMS 0x0000000748a00000, 0x0000000748a00000| Untracked 
|  45|0x0000000748c00000, 0x0000000748c00000, 0x0000000748e00000|  0%| F|  |TAMS 0x0000000748c00000, 0x0000000748c00000| Untracked 
|  46|0x0000000748e00000, 0x0000000748e00000, 0x0000000749000000|  0%| F|  |TAMS 0x0000000748e00000, 0x0000000748e00000| Untracked 
|  47|0x0000000749000000, 0x0000000749000000, 0x0000000749200000|  0%| F|  |TAMS 0x0000000749000000, 0x0000000749000000| Untracked 
|  48|0x0000000749200000, 0x0000000749200000, 0x0000000749400000|  0%| F|  |TAMS 0x0000000749200000, 0x0000000749200000| Untracked 
|  49|0x0000000749400000, 0x0000000749400000, 0x0000000749600000|  0%| F|  |TAMS 0x0000000749400000, 0x0000000749400000| Untracked 
|  50|0x0000000749600000, 0x0000000749600000, 0x0000000749800000|  0%| F|  |TAMS 0x0000000749600000, 0x0000000749600000| Untracked 
|  51|0x0000000749800000, 0x0000000749800000, 0x0000000749a00000|  0%| F|  |TAMS 0x0000000749800000, 0x0000000749800000| Untracked 
|  52|0x0000000749a00000, 0x0000000749a00000, 0x0000000749c00000|  0%| F|  |TAMS 0x0000000749a00000, 0x0000000749a00000| Untracked 
|  53|0x0000000749c00000, 0x0000000749c00000, 0x0000000749e00000|  0%| F|  |TAMS 0x0000000749c00000, 0x0000000749c00000| Untracked 
|  54|0x0000000749e00000, 0x0000000749e00000, 0x000000074a000000|  0%| F|  |TAMS 0x0000000749e00000, 0x0000000749e00000| Untracked 
|  55|0x000000074a000000, 0x000000074a000000, 0x000000074a200000|  0%| F|  |TAMS 0x000000074a000000, 0x000000074a000000| Untracked 
|  56|0x000000074a200000, 0x000000074a200000, 0x000000074a400000|  0%| F|  |TAMS 0x000000074a200000, 0x000000074a200000| Untracked 
|  57|0x000000074a400000, 0x000000074a400000, 0x000000074a600000|  0%| F|  |TAMS 0x000000074a400000, 0x000000074a400000| Untracked 
|  58|0x000000074a600000, 0x000000074a600000, 0x000000074a800000|  0%| F|  |TAMS 0x000000074a600000, 0x000000074a600000| Untracked 
|  59|0x000000074a800000, 0x000000074a800000, 0x000000074aa00000|  0%| F|  |TAMS 0x000000074a800000, 0x000000074a800000| Untracked 
|  60|0x000000074aa00000, 0x000000074aa00000, 0x000000074ac00000|  0%| F|  |TAMS 0x000000074aa00000, 0x000000074aa00000| Untracked 
|  61|0x000000074ac00000, 0x000000074ac00000, 0x000000074ae00000|  0%| F|  |TAMS 0x000000074ac00000, 0x000000074ac00000| Untracked 
|  62|0x000000074ae00000, 0x000000074ae00000, 0x000000074b000000|  0%| F|  |TAMS 0x000000074ae00000, 0x000000074ae00000| Untracked 
|  63|0x000000074b000000, 0x000000074b000000, 0x000000074b200000|  0%| F|  |TAMS 0x000000074b000000, 0x000000074b000000| Untracked 
|  64|0x000000074b200000, 0x000000074b200000, 0x000000074b400000|  0%| F|  |TAMS 0x000000074b200000, 0x000000074b200000| Untracked 
|  65|0x000000074b400000, 0x000000074b400000, 0x000000074b600000|  0%| F|  |TAMS 0x000000074b400000, 0x000000074b400000| Untracked 
|  66|0x000000074b600000, 0x000000074b600000, 0x000000074b800000|  0%| F|  |TAMS 0x000000074b600000, 0x000000074b600000| Untracked 
|  67|0x000000074b800000, 0x000000074b800000, 0x000000074ba00000|  0%| F|  |TAMS 0x000000074b800000, 0x000000074b800000| Untracked 
|  68|0x000000074ba00000, 0x000000074ba00000, 0x000000074bc00000|  0%| F|  |TAMS 0x000000074ba00000, 0x000000074ba00000| Untracked 
|  69|0x000000074bc00000, 0x000000074bc00000, 0x000000074be00000|  0%| F|  |TAMS 0x000000074bc00000, 0x000000074bc00000| Untracked 
|  70|0x000000074be00000, 0x000000074be00000, 0x000000074c000000|  0%| F|  |TAMS 0x000000074be00000, 0x000000074be00000| Untracked 
|  71|0x000000074c000000, 0x000000074c000000, 0x000000074c200000|  0%| F|  |TAMS 0x000000074c000000, 0x000000074c000000| Untracked 
|  72|0x000000074c200000, 0x000000074c200000, 0x000000074c400000|  0%| F|  |TAMS 0x000000074c200000, 0x000000074c200000| Untracked 
|  73|0x000000074c400000, 0x000000074c400000, 0x000000074c600000|  0%| F|  |TAMS 0x000000074c400000, 0x000000074c400000| Untracked 
|  74|0x000000074c600000, 0x000000074c600000, 0x000000074c800000|  0%| F|  |TAMS 0x000000074c600000, 0x000000074c600000| Untracked 
|  75|0x000000074c800000, 0x000000074c800000, 0x000000074ca00000|  0%| F|  |TAMS 0x000000074c800000, 0x000000074c800000| Untracked 
|  76|0x000000074ca00000, 0x000000074ca00000, 0x000000074cc00000|  0%| F|  |TAMS 0x000000074ca00000, 0x000000074ca00000| Untracked 
|  77|0x000000074cc00000, 0x000000074cc00000, 0x000000074ce00000|  0%| F|  |TAMS 0x000000074cc00000, 0x000000074cc00000| Untracked 
|  78|0x000000074ce00000, 0x000000074ce00000, 0x000000074d000000|  0%| F|  |TAMS 0x000000074ce00000, 0x000000074ce00000| Untracked 
|  79|0x000000074d000000, 0x000000074d000000, 0x000000074d200000|  0%| F|  |TAMS 0x000000074d000000, 0x000000074d000000| Untracked 
|  80|0x000000074d200000, 0x000000074d200000, 0x000000074d400000|  0%| F|  |TAMS 0x000000074d200000, 0x000000074d200000| Untracked 
|  81|0x000000074d400000, 0x000000074d400000, 0x000000074d600000|  0%| F|  |TAMS 0x000000074d400000, 0x000000074d400000| Untracked 
|  82|0x000000074d600000, 0x000000074d600000, 0x000000074d800000|  0%| F|  |TAMS 0x000000074d600000, 0x000000074d600000| Untracked 
|  83|0x000000074d800000, 0x000000074d800000, 0x000000074da00000|  0%| F|  |TAMS 0x000000074d800000, 0x000000074d800000| Untracked 
|  84|0x000000074da00000, 0x000000074da00000, 0x000000074dc00000|  0%| F|  |TAMS 0x000000074da00000, 0x000000074da00000| Untracked 
|  85|0x000000074dc00000, 0x000000074dc00000, 0x000000074de00000|  0%| F|  |TAMS 0x000000074dc00000, 0x000000074dc00000| Untracked 
|  86|0x000000074de00000, 0x000000074de00000, 0x000000074e000000|  0%| F|  |TAMS 0x000000074de00000, 0x000000074de00000| Untracked 
|  87|0x000000074e000000, 0x000000074e000000, 0x000000074e200000|  0%| F|  |TAMS 0x000000074e000000, 0x000000074e000000| Untracked 
|  88|0x000000074e200000, 0x000000074e2f0798, 0x000000074e400000| 46%| E|  |TAMS 0x000000074e200000, 0x000000074e200000| Complete 
|  89|0x000000074e400000, 0x000000074e600000, 0x000000074e600000|100%| E|CS|TAMS 0x000000074e400000, 0x000000074e400000| Complete 
|  90|0x000000074e600000, 0x000000074e800000, 0x000000074e800000|100%| E|CS|TAMS 0x000000074e600000, 0x000000074e600000| Complete 
|  91|0x000000074e800000, 0x000000074ea00000, 0x000000074ea00000|100%| E|CS|TAMS 0x000000074e800000, 0x000000074e800000| Complete 
|  92|0x000000074ea00000, 0x000000074ec00000, 0x000000074ec00000|100%| E|CS|TAMS 0x000000074ea00000, 0x000000074ea00000| Complete 
|  93|0x000000074ec00000, 0x000000074ee00000, 0x000000074ee00000|100%| E|CS|TAMS 0x000000074ec00000, 0x000000074ec00000| Complete 
|  94|0x000000074ee00000, 0x000000074f000000, 0x000000074f000000|100%| E|CS|TAMS 0x000000074ee00000, 0x000000074ee00000| Complete 

Card table byte_map: [0x000001f7d0f70000,0x000001f7d1560000] _byte_map_base: 0x000001f7cd557000

Marking Bits (Prev, Next): (CMBitMap*) 0x000001f7b9e485c0, (CMBitMap*) 0x000001f7b9e48600
 Prev Bits: [0x000001f7d1b50000, 0x000001f7d4a88000)
 Next Bits: [0x000001f7d4a90000, 0x000001f7d79c8000)

Polling page: 0x000001f7b7df0000

Metaspace:

Usage:
  Non-class:      3.09 MB used.
      Class:    249.25 KB used.
       Both:      3.34 MB used.

Virtual space:
  Non-class space:        8.00 MB reserved,       3.19 MB ( 40%) committed,  1 nodes.
      Class space:        1.00 GB reserved,     320.00 KB ( <1%) committed,  1 nodes.
             Both:        1.01 GB reserved,       3.50 MB ( <1%) committed. 

Chunk freelists:
   Non-Class:  2.84 MB
       Class:  3.66 MB
        Both:  6.51 MB

MaxMetaspaceSize: unlimited
CompressedClassSpaceSize: 1.00 GB
Initial GC threshold: 21.00 MB
Current GC threshold: 21.00 MB
CDS: on
MetaspaceReclaimPolicy: balanced
 - commit_granule_bytes: 65536.
 - commit_granule_words: 8192.
 - virtual_space_node_default_size: 1048576.
 - enlarge_chunks_in_place: 1.
 - new_chunks_are_fully_committed: 0.
 - uncommit_free_chunks: 1.
 - use_allocation_guard: 0.
 - handle_deallocations: 1.


Internal statistics:

num_allocs_failed_limit: 0.
num_arena_births: 64.
num_arena_deaths: 0.
num_vsnodes_births: 2.
num_vsnodes_deaths: 0.
num_space_committed: 56.
num_space_uncommitted: 0.
num_chunks_returned_to_freelist: 0.
num_chunks_taken_from_freelist: 130.
num_chunk_merges: 0.
num_chunk_splits: 83.
num_chunks_enlarged: 53.
num_purges: 0.
num_inconsistent_stats: 0.

CodeHeap 'non-profiled nmethods': size=120000Kb used=260Kb max_used=260Kb free=119739Kb
 bounds [0x000001f7c9120000, 0x000001f7c9390000, 0x000001f7d0650000]
CodeHeap 'profiled nmethods': size=120000Kb used=1204Kb max_used=1204Kb free=118795Kb
 bounds [0x000001f7c1bf0000, 0x000001f7c1e60000, 0x000001f7c9120000]
CodeHeap 'non-nmethods': size=5760Kb used=1595Kb max_used=1610Kb free=4164Kb
 bounds [0x000001f7c1650000, 0x000001f7c18c0000, 0x000001f7c1bf0000]
 total_blobs=1747 nmethods=737 adapters=923
 compilation: enabled
              stopped_count=0, restarted_count=0
 full_count=0

Compilation events (20 events):
Event: 1.433 Thread 0x000001f7da3f5300  725       3       jdk.internal.misc.Unsafe::checkOffset (32 bytes)
Event: 1.435 Thread 0x000001f7da3f40c0 nmethod 727 0x000001f7c915fc10 code [0x000001f7c915fd80, 0x000001f7c915fe38]
Event: 1.435 Thread 0x000001f7da3f5300 nmethod 725 0x000001f7c1d1a890 code [0x000001f7c1d1aa40, 0x000001f7c1d1acc8]
Event: 1.435 Thread 0x000001f7da3f5300  726       3       java.nio.Buffer::remaining (20 bytes)
Event: 1.435 Thread 0x000001f7da3f5300 nmethod 726 0x000001f7c1d1ae10 code [0x000001f7c1d1afa0, 0x000001f7c1d1b138]
Event: 1.435 Thread 0x000001f7da3f5300  728       3       java.lang.Integer::toUnsignedLong (7 bytes)
Event: 1.436 Thread 0x000001f7da3f5300 nmethod 728 0x000001f7c1d1b210 code [0x000001f7c1d1b3a0, 0x000001f7c1d1b498]
Event: 1.436 Thread 0x000001f7da3f5300  729       3       org.lwjgl.system.MemoryUtil::write8 (19 bytes)
Event: 1.436 Thread 0x000001f7da3f5300 nmethod 729 0x000001f7c1d1b510 code [0x000001f7c1d1b6c0, 0x000001f7c1d1b918]
Event: 1.436 Thread 0x000001f7da3f5300  730       3       sun.misc.Unsafe::putByte (11 bytes)
Event: 1.437 Thread 0x000001f7da3f5300 nmethod 730 0x000001f7c1d1ba10 code [0x000001f7c1d1bba0, 0x000001f7c1d1bcb8]
Event: 1.437 Thread 0x000001f7da3f5300  731       3       java.util.Collections$SetFromMap::add (22 bytes)
Event: 1.437 Thread 0x000001f7da3f5300 nmethod 731 0x000001f7c1d1bd90 code [0x000001f7c1d1bf40, 0x000001f7c1d1c188]
Event: 1.457 Thread 0x000001f7da3f40c0  732       4       java.lang.StringLatin1::indexOf (121 bytes)
Event: 1.462 Thread 0x000001f7da3f5300  734       3       sun.misc.Unsafe::putLong (11 bytes)
Event: 1.462 Thread 0x000001f7da3f5300 nmethod 734 0x000001f7c1d1c290 code [0x000001f7c1d1c420, 0x000001f7c1d1c538]
Event: 1.462 Thread 0x000001f7da3f5300  735       3       org.lwjgl.system.MemoryUtil::memPutAddress (29 bytes)
Event: 1.463 Thread 0x000001f7da3f5300 nmethod 735 0x000001f7c1d1c610 code [0x000001f7c1d1c7c0, 0x000001f7c1d1c9b8]
Event: 1.463 Thread 0x000001f7da3f5300  738       3       java.io.File::exists (34 bytes)
Event: 1.464 Thread 0x000001f7da3f5300 nmethod 738 0x000001f7c1d1ca90 code [0x000001f7c1d1cc80, 0x000001f7c1d1d1c8]

GC Heap History (0 events):
No events

Deoptimization events (20 events):
Event: 1.255 Thread 0x000001f7b9e04ed0 DEOPT PACKING pc=0x000001f7c1cd0472 sp=0x0000002201efd4c0
Event: 1.255 Thread 0x000001f7b9e04ed0 DEOPT UNPACKING pc=0x000001f7c16a6763 sp=0x0000002201efc938 mode 0
Event: 1.256 Thread 0x000001f7b9e04ed0 DEOPT PACKING pc=0x000001f7c1cd0472 sp=0x0000002201efd4c0
Event: 1.256 Thread 0x000001f7b9e04ed0 DEOPT UNPACKING pc=0x000001f7c16a6763 sp=0x0000002201efc938 mode 0
Event: 1.257 Thread 0x000001f7b9e04ed0 DEOPT PACKING pc=0x000001f7c1cd0472 sp=0x0000002201efd4c0
Event: 1.257 Thread 0x000001f7b9e04ed0 DEOPT UNPACKING pc=0x000001f7c16a6763 sp=0x0000002201efc938 mode 0
Event: 1.257 Thread 0x000001f7b9e04ed0 DEOPT PACKING pc=0x000001f7c1cd0472 sp=0x0000002201efd4c0
Event: 1.257 Thread 0x000001f7b9e04ed0 DEOPT UNPACKING pc=0x000001f7c16a6763 sp=0x0000002201efc938 mode 0
Event: 1.257 Thread 0x000001f7b9e04ed0 DEOPT PACKING pc=0x000001f7c1cd0472 sp=0x0000002201efd4c0
Event: 1.257 Thread 0x000001f7b9e04ed0 DEOPT UNPACKING pc=0x000001f7c16a6763 sp=0x0000002201efc938 mode 0
Event: 1.258 Thread 0x000001f7b9e04ed0 DEOPT PACKING pc=0x000001f7c1cd0472 sp=0x0000002201efd4c0
Event: 1.258 Thread 0x000001f7b9e04ed0 DEOPT UNPACKING pc=0x000001f7c16a6763 sp=0x0000002201efc938 mode 0
Event: 1.258 Thread 0x000001f7b9e04ed0 DEOPT PACKING pc=0x000001f7c1cd0472 sp=0x0000002201efd4c0
Event: 1.258 Thread 0x000001f7b9e04ed0 DEOPT UNPACKING pc=0x000001f7c16a6763 sp=0x0000002201efc938 mode 0
Event: 1.391 Thread 0x000001f7b9e04ed0 Uncommon trap: trap_request=0xffffffde fr.pc=0x000001f7c9142264 relative=0x00000000000003a4
Event: 1.391 Thread 0x000001f7b9e04ed0 Uncommon trap: reason=class_check action=maybe_recompile pc=0x000001f7c9142264 method=java.util.HashMap.getNode(Ljava/lang/Object;)Ljava/util/HashMap$Node; @ 63 c2
Event: 1.391 Thread 0x000001f7b9e04ed0 DEOPT PACKING pc=0x000001f7c9142264 sp=0x0000002201efac00
Event: 1.391 Thread 0x000001f7b9e04ed0 DEOPT UNPACKING pc=0x000001f7c16a5c23 sp=0x0000002201efab18 mode 2
Event: 1.457 Thread 0x000001f7b9e04ed0 DEOPT PACKING pc=0x000001f7c1c30ae5 sp=0x0000002201efc9e0
Event: 1.457 Thread 0x000001f7b9e04ed0 DEOPT UNPACKING pc=0x000001f7c16a6763 sp=0x0000002201efbe30 mode 0

Classes unloaded (0 events):
No events

Classes redefined (0 events):
No events

Internal exceptions (20 events):
Event: 0.853 Thread 0x000001f7db4b0640 Exception <a 'java/lang/NoSuchMethodError'{0x000000074e9d3c50}: 'java.lang.Object java.lang.invoke.DirectMethodHandle$Holder.invokeStaticInit(java.lang.Object)'> (0x000000074e9d3c50) 
thrown [t:\workspace\open\src\hotspot\share\interpreter\linkResolver.cpp, line 766]
Event: 0.877 Thread 0x000001f7db4b0640 Exception <a 'java/lang/NoSuchMethodError'{0x000000074e9e1960}: 'void java.lang.invoke.DirectMethodHandle$Holder.invokeStatic(java.lang.Object, java.lang.Object)'> (0x000000074e9e1960) 
thrown [t:\workspace\open\src\hotspot\share\interpreter\linkResolver.cpp, line 766]
Event: 0.937 Thread 0x000001f7b9e04ed0 Exception <a 'java/lang/NoSuchMethodError'{0x000000074e6e7988}: 'void java.lang.invoke.DirectMethodHandle$Holder.invokeSpecial(java.lang.Object, java.lang.Object, java.lang.Object)'> (0x000000074e6e7988) 
thrown [t:\workspace\open\src\hotspot\share\interpreter\linkResolver.cpp, line 766]
Event: 0.946 Thread 0x000001f7b9e04ed0 Exception <a 'java/lang/NoSuchMethodError'{0x000000074e6fb110}: 'java.lang.Object java.lang.invoke.DirectMethodHandle$Holder.invokeStatic(java.lang.Object, java.lang.Object, int)'> (0x000000074e6fb110) 
thrown [t:\workspace\open\src\hotspot\share\interpreter\linkResolver.cpp, line 766]
Event: 0.950 Thread 0x000001f7b9e04ed0 Exception <a 'java/lang/NoSuchMethodError'{0x000000074e706f78}: 'void java.lang.invoke.DelegatingMethodHandle$Holder.delegate(java.lang.Object, java.lang.Object, int, java.lang.Object)'> (0x000000074e706f78) 
thrown [t:\workspace\open\src\hotspot\share\interpreter\linkResolver.cpp, line 766]
Event: 0.952 Thread 0x000001f7b9e04ed0 Exception <a 'java/lang/NoSuchMethodError'{0x000000074e70afb0}: 'int java.lang.invoke.DirectMethodHandle$Holder.invokeSpecial(java.lang.Object, java.lang.Object, java.lang.Object)'> (0x000000074e70afb0) 
thrown [t:\workspace\open\src\hotspot\share\interpreter\linkResolver.cpp, line 766]
Event: 1.050 Thread 0x000001f7b9e04ed0 Exception <a 'sun/nio/fs/WindowsException'{0x000000074e7af500}> (0x000000074e7af500) 
thrown [t:\workspace\open\src\hotspot\share\prims\jni.cpp, line 516]
Event: 1.050 Thread 0x000001f7b9e04ed0 Exception <a 'sun/nio/fs/WindowsException'{0x000000074e7afa50}> (0x000000074e7afa50) 
thrown [t:\workspace\open\src\hotspot\share\prims\jni.cpp, line 516]
Event: 1.216 Thread 0x000001f7b9e04ed0 Exception <a 'sun/nio/fs/WindowsException'{0x000000074e4989d8}> (0x000000074e4989d8) 
thrown [t:\workspace\open\src\hotspot\share\prims\jni.cpp, line 516]
Event: 1.216 Thread 0x000001f7b9e04ed0 Exception <a 'sun/nio/fs/WindowsException'{0x000000074e498d80}> (0x000000074e498d80) 
thrown [t:\workspace\open\src\hotspot\share\prims\jni.cpp, line 516]
Event: 1.262 Thread 0x000001f7b9e04ed0 Exception <a 'sun/nio/fs/WindowsException'{0x000000074e4ac1b0}> (0x000000074e4ac1b0) 
thrown [t:\workspace\open\src\hotspot\share\prims\jni.cpp, line 516]
Event: 1.263 Thread 0x000001f7b9e04ed0 Exception <a 'sun/nio/fs/WindowsException'{0x000000074e4ac490}> (0x000000074e4ac490) 
thrown [t:\workspace\open\src\hotspot\share\prims\jni.cpp, line 516]
Event: 1.306 Thread 0x000001f7b9e04ed0 Exception <a 'java/lang/NoSuchMethodError'{0x000000074e5d9dc0}: 'int java.lang.invoke.DirectMethodHandle$Holder.invokeStaticInit(java.lang.Object, java.lang.Object, int, long)'> (0x000000074e5d9dc0) 
thrown [t:\workspace\open\src\hotspot\share\interpreter\linkResolver.cpp, line 766]
Event: 1.307 Thread 0x000001f7b9e04ed0 Exception <a 'java/lang/NoSuchMethodError'{0x000000074e5df930}: 'java.lang.Object java.lang.invoke.DirectMethodHandle$Holder.newInvokeSpecial(java.lang.Object, java.lang.Object, int)'> (0x000000074e5df930) 
thrown [t:\workspace\open\src\hotspot\share\interpreter\linkResolver.cpp, line 766]
Event: 1.312 Thread 0x000001f7b9e04ed0 Exception <a 'java/lang/NoSuchMethodError'{0x000000074e5ee838}: 'int java.lang.invoke.DirectMethodHandle$Holder.invokeStaticInit(java.lang.Object, java.lang.Object, long, long)'> (0x000000074e5ee838) 
thrown [t:\workspace\open\src\hotspot\share\interpreter\linkResolver.cpp, line 766]
Event: 1.316 Thread 0x000001f7b9e04ed0 Exception <a 'java/lang/NoSuchMethodError'{0x000000074e5f4bf0}: 'java.lang.Object java.lang.invoke.DirectMethodHandle$Holder.newInvokeSpecial(java.lang.Object, java.lang.Object, long)'> (0x000000074e5f4bf0) 
thrown [t:\workspace\open\src\hotspot\share\interpreter\linkResolver.cpp, line 766]
Event: 1.320 Thread 0x000001f7b9e04ed0 Exception <a 'java/lang/NoSuchMethodError'{0x000000074e5f8ee0}: 'java.lang.Object java.lang.invoke.Invokers$Holder.linkToTargetMethod(java.lang.Object, long, java.lang.Object)'> (0x000000074e5f8ee0) 
thrown [t:\workspace\open\src\hotspot\share\interpreter\linkResolver.cpp, line 766]
Event: 1.329 Thread 0x000001f7b9e04ed0 Exception <a 'java/lang/NoSuchMethodError'{0x000000074e200b88}: 'int java.lang.invoke.DirectMethodHandle$Holder.invokeStaticInit(java.lang.Object, java.lang.Object, java.lang.Object, long)'> (0x000000074e200b88) 
thrown [t:\workspace\open\src\hotspot\share\interpreter\linkResolver.cpp, line 766]
Event: 1.412 Thread 0x000001f7b9e04ed0 Exception <a 'sun/nio/fs/WindowsException'{0x000000074e25ec38}> (0x000000074e25ec38) 
thrown [t:\workspace\open\src\hotspot\share\prims\jni.cpp, line 516]
Event: 1.412 Thread 0x000001f7b9e04ed0 Exception <a 'sun/nio/fs/WindowsException'{0x000000074e25efc8}> (0x000000074e25efc8) 
thrown [t:\workspace\open\src\hotspot\share\prims\jni.cpp, line 516]

VM Operations (8 events):
Event: 0.850 Executing VM operation: HandshakeAllThreads
Event: 0.850 Executing VM operation: HandshakeAllThreads done
Event: 0.945 Executing VM operation: HandshakeAllThreads
Event: 0.945 Executing VM operation: HandshakeAllThreads done
Event: 1.033 Executing VM operation: HandshakeAllThreads
Event: 1.033 Executing VM operation: HandshakeAllThreads done
Event: 1.050 Executing VM operation: HandshakeAllThreads
Event: 1.050 Executing VM operation: HandshakeAllThreads done

Events (20 events):
Event: 1.290 loading class java/nio/DirectFloatBufferU done
Event: 1.290 loading class java/nio/DirectDoubleBufferU
Event: 1.290 loading class java/nio/DirectDoubleBufferU done
Event: 1.291 loading class sun/misc/Unsafe
Event: 1.291 loading class sun/misc/Unsafe done
Event: 1.292 loading class jdk/internal/reflect/UnsafeFieldAccessorFactory
Event: 1.293 loading class jdk/internal/reflect/UnsafeFieldAccessorFactory done
Event: 1.293 loading class jdk/internal/reflect/UnsafeQualifiedStaticObjectFieldAccessorImpl
Event: 1.293 loading class jdk/internal/reflect/UnsafeQualifiedStaticFieldAccessorImpl
Event: 1.294 loading class jdk/internal/reflect/UnsafeQualifiedStaticFieldAccessorImpl done
Event: 1.294 loading class jdk/internal/reflect/UnsafeQualifiedStaticObjectFieldAccessorImpl done
Event: 1.299 loading class java/util/function/LongPredicate
Event: 1.300 loading class java/util/function/LongPredicate done
Event: 1.308 loading class jdk/internal/access/foreign/MemorySegmentProxy
Event: 1.308 loading class jdk/internal/access/foreign/MemorySegmentProxy done
Event: 1.333 loading class java/nio/InvalidMarkException
Event: 1.333 loading class java/nio/InvalidMarkException done
Event: 1.333 loading class java/nio/BufferUnderflowException
Event: 1.333 loading class java/nio/BufferUnderflowException done
Event: 1.383 Thread 0x000001f7db3e5490 Thread exited: 0x000001f7db3e5490


Dynamic libraries:
0x00007ff71b0b0000 - 0x00007ff71b0c0000 	C:\Program Files\Java\jdk-17.0.2\bin\java.exe
0x00007ffc12e10000 - 0x00007ffc13024000 	C:\WINDOWS\SYSTEM32\ntdll.dll
0x00007ffc110e0000 - 0x00007ffc111a4000 	C:\WINDOWS\System32\KERNEL32.DLL
0x00007ffc10330000 - 0x00007ffc106d4000 	C:\WINDOWS\System32\KERNELBASE.dll
0x00007ffc108c0000 - 0x00007ffc109d1000 	C:\WINDOWS\System32\ucrtbase.dll
0x00007ffc001f0000 - 0x00007ffc0020a000 	C:\Program Files\Java\jdk-17.0.2\bin\VCRUNTIME140.dll
0x00007ffbf3e70000 - 0x00007ffbf3e88000 	C:\Program Files\Java\jdk-17.0.2\bin\jli.dll
0x00007ffc10ba0000 - 0x00007ffc10c50000 	C:\WINDOWS\System32\ADVAPI32.dll
0x00007ffc125b0000 - 0x00007ffc12657000 	C:\WINDOWS\System32\msvcrt.dll
0x00007ffc111b0000 - 0x00007ffc11256000 	C:\WINDOWS\System32\sechost.dll
0x00007ffc121a0000 - 0x00007ffc122b7000 	C:\WINDOWS\System32\RPCRT4.dll
0x00007ffc10ce0000 - 0x00007ffc10e8e000 	C:\WINDOWS\System32\USER32.dll
0x00007ffc10b00000 - 0x00007ffc10b26000 	C:\WINDOWS\System32\win32u.dll
0x00007ffbf4900000 - 0x00007ffbf4b93000 	C:\WINDOWS\WinSxS\amd64_microsoft.windows.common-controls_6595b64144ccf1df_6.0.22621.2215_none_270d72677387dfc3\COMCTL32.dll
0x00007ffc10e90000 - 0x00007ffc10eb9000 	C:\WINDOWS\System32\GDI32.dll
0x00007ffc109e0000 - 0x00007ffc10af8000 	C:\WINDOWS\System32\gdi32full.dll
0x00007ffc107a0000 - 0x00007ffc1083a000 	C:\WINDOWS\System32\msvcp_win.dll
0x00007ffc07dd0000 - 0x00007ffc07dda000 	C:\WINDOWS\SYSTEM32\VERSION.dll
0x00007ffc12460000 - 0x00007ffc12491000 	C:\WINDOWS\System32\IMM32.DLL
0x00007ffc00230000 - 0x00007ffc0023c000 	C:\Program Files\Java\jdk-17.0.2\bin\vcruntime140_1.dll
0x00007ffbe6060000 - 0x00007ffbe60ed000 	C:\Program Files\Java\jdk-17.0.2\bin\msvcp140.dll
0x00007ffbabe90000 - 0x00007ffbaca51000 	C:\Program Files\Java\jdk-17.0.2\bin\server\jvm.dll
0x00007ffc12540000 - 0x00007ffc12548000 	C:\WINDOWS\System32\PSAPI.DLL
0x00007ffbff840000 - 0x00007ffbff849000 	C:\WINDOWS\SYSTEM32\WSOCK32.dll
0x00007ffc0dab0000 - 0x00007ffc0dae4000 	C:\WINDOWS\SYSTEM32\WINMM.dll
0x00007ffc10c60000 - 0x00007ffc10cd1000 	C:\WINDOWS\System32\WS2_32.dll
0x00007ffc0f1e0000 - 0x00007ffc0f1f8000 	C:\WINDOWS\SYSTEM32\kernel.appcore.dll
0x00007ffbff3b0000 - 0x00007ffbff3ba000 	C:\Program Files\Java\jdk-17.0.2\bin\jimage.dll
0x00007ffc0d840000 - 0x00007ffc0da6e000 	C:\WINDOWS\SYSTEM32\DBGHELP.DLL
0x00007ffc112d0000 - 0x00007ffc1165a000 	C:\WINDOWS\System32\combase.dll
0x00007ffc11870000 - 0x00007ffc11947000 	C:\WINDOWS\System32\OLEAUT32.dll
0x00007ffc0da70000 - 0x00007ffc0daa2000 	C:\WINDOWS\SYSTEM32\dbgcore.DLL
0x00007ffc10840000 - 0x00007ffc108ba000 	C:\WINDOWS\System32\bcryptPrimitives.dll
0x00007ffc0a6d0000 - 0x00007ffc0a6de000 	C:\Program Files\Java\jdk-17.0.2\bin\instrument.dll
0x00007ffbef480000 - 0x00007ffbef4a5000 	C:\Program Files\Java\jdk-17.0.2\bin\java.dll
0x00007ffbd0c80000 - 0x00007ffbd0d56000 	C:\Program Files\Java\jdk-17.0.2\bin\jsvml.dll
0x00007ffc11950000 - 0x00007ffc12173000 	C:\WINDOWS\System32\SHELL32.dll
0x00007ffc0e100000 - 0x00007ffc0e9ea000 	C:\WINDOWS\SYSTEM32\windows.storage.dll
0x00007ffc0dfc0000 - 0x00007ffc0e0fe000 	C:\WINDOWS\SYSTEM32\wintypes.dll
0x00007ffc10f30000 - 0x00007ffc11023000 	C:\WINDOWS\System32\SHCORE.dll
0x00007ffc12550000 - 0x00007ffc125ae000 	C:\WINDOWS\System32\shlwapi.dll
0x00007ffc100f0000 - 0x00007ffc10116000 	C:\WINDOWS\SYSTEM32\profapi.dll
0x00007ffbef460000 - 0x00007ffbef478000 	C:\Program Files\Java\jdk-17.0.2\bin\zip.dll
0x00007ffbf3720000 - 0x00007ffbf3739000 	C:\Program Files\Java\jdk-17.0.2\bin\net.dll
0x00007ffc09bc0000 - 0x00007ffc09cf7000 	C:\WINDOWS\SYSTEM32\WINHTTP.dll
0x00007ffc0f690000 - 0x00007ffc0f6f9000 	C:\WINDOWS\system32\mswsock.dll
0x00007ffbf0cc0000 - 0x00007ffbf0cd6000 	C:\Program Files\Java\jdk-17.0.2\bin\nio.dll
0x00007ffc00cd0000 - 0x00007ffc00cea000 	C:\Program Files\JetBrains\IntelliJ IDEA Community Edition 2022.3.3\bin\breakgen64.dll
0x00007ffbe8150000 - 0x00007ffbe81ca000 	C:\Users\Elian\AppData\Local\Temp\lwjgl_Elian\3.3.2+13\x64\lwjgl.dll
0x00007ffbf1210000 - 0x00007ffbf126e000 	C:\Users\Elian\AppData\Local\Temp\lwjgl_Elian\3.3.2+13\x64\lwjgl_opengl.dll
0x00007ffbd3d80000 - 0x00007ffbd3e80000 	C:\WINDOWS\SYSTEM32\opengl32.dll
0x00007ffbd83e0000 - 0x00007ffbd840d000 	C:\WINDOWS\SYSTEM32\GLU32.dll
0x00007ffc0d1a0000 - 0x00007ffc0d1d8000 	C:\WINDOWS\SYSTEM32\dxcore.dll
0x00007ffbc75a0000 - 0x00007ffbc7810000 	C:\Users\Elian\AppData\Local\Temp\lwjgl_Elian\3.3.2+13\x64\jemalloc.dll

dbghelp: loaded successfully - version: 4.0.5 - missing functions: none
symbol engine: initialized successfully - sym options: 0x614 - pdb path: .;C:\Program Files\Java\jdk-17.0.2\bin;C:\WINDOWS\SYSTEM32;C:\WINDOWS\WinSxS\amd64_microsoft.windows.common-controls_6595b64144ccf1df_6.0.22621.2215_none_270d72677387dfc3;C:\Program Files\Java\jdk-17.0.2\bin\server;C:\Program Files\JetBrains\IntelliJ IDEA Community Edition 2022.3.3\bin;C:\Users\Elian\AppData\Local\Temp\lwjgl_Elian\3.3.2+13\x64

VM Arguments:
jvm_args: -javaagent:C:\Program Files\JetBrains\IntelliJ IDEA Community Edition 2022.3.3\lib\idea_rt.jar=58272:C:\Program Files\JetBrains\IntelliJ IDEA Community Edition 2022.3.3\bin -Dfile.encoding=UTF-8 
java_command: engine.io.Main
java_class_path (initial): C:\Users\Elian\OneDrive\Escritorio\Engine\Engine\target\classes;C:\Users\Elian\.m2\repository\org\lwjgl\lwjgl\3.3.2\lwjgl-3.3.2.jar;C:\Users\Elian\.m2\repository\org\lwjgl\lwjgl-assimp\3.3.2\lwjgl-assimp-3.3.2.jar;C:\Users\Elian\.m2\repository\org\lwjgl\lwjgl-bgfx\3.3.2\lwjgl-bgfx-3.3.2.jar;C:\Users\Elian\.m2\repository\org\lwjgl\lwjgl-cuda\3.3.2\lwjgl-cuda-3.3.2.jar;C:\Users\Elian\.m2\repository\org\lwjgl\lwjgl-egl\3.3.2\lwjgl-egl-3.3.2.jar;C:\Users\Elian\.m2\repository\org\lwjgl\lwjgl-fmod\3.3.2\lwjgl-fmod-3.3.2.jar;C:\Users\Elian\.m2\repository\org\lwjgl\lwjgl-freetype\3.3.2\lwjgl-freetype-3.3.2.jar;C:\Users\Elian\.m2\repository\org\lwjgl\lwjgl-glfw\3.3.2\lwjgl-glfw-3.3.2.jar;C:\Users\Elian\.m2\repository\org\lwjgl\lwjgl-harfbuzz\3.3.2\lwjgl-harfbuzz-3.3.2.jar;C:\Users\Elian\.m2\repository\org\lwjgl\lwjgl-hwloc\3.3.2\lwjgl-hwloc-3.3.2.jar;C:\Users\Elian\.m2\repository\org\lwjgl\lwjgl-jawt\3.3.2\lwjgl-jawt-3.3.2.jar;C:\Users\Elian\.m2\repository\org\lwjgl\lwjgl-jemalloc\3.3.2\lwjgl-jemalloc-3.3.2.jar;C:\Users\Elian\.m2\repository\org\lwjgl\lwjgl-ktx\3.3.2\lwjgl-ktx-3.3.2.jar;C:\Users\Elian\.m2\repository\org\lwjgl\lwjgl-libdivide\3.3.2\lwjgl-libdivide-3.3.2.jar;C:\Users\Elian\.m2\repository\org\lwjgl\lwjgl-llvm\3.3.2\lwjgl-llvm-3.3.2.jar;C:\Users\Elian\.m2\repository\org\lwjgl\lwjgl-lmdb\3.3.2\lwjgl-lmdb-3.3.2.jar;C:\Users\Elian\.m2\repository\org\lwjgl\lwjgl-lz4\3.3.2\lwjgl-lz4-3.3.2.jar;C:\Users\Elian\.m2\repository\org\lwjgl\lwjgl-meow\3.3.2\lwjgl-meow-3.3.2.jar;C:\Users\Elian\.m2\repository\org\lwjgl\lwjgl-meshoptimizer\3.3.2\lwjgl-meshoptimizer-3.3.2.jar;C:\Users\Elian\.m2\repository\org\lwjgl\lwjgl-nanovg\3.3.2\lwjgl-nanovg-3.3.2.jar;C:\Users\Elian\.m2\repository\org\lwjgl\lwjgl-nfd\3.3.2\lwjgl-nfd-3.3.2.jar;C:\Users\Elian\.m2\repository\org\lwjgl\lwjgl-nuklear\3.3.2\lwjgl-nuklear-3.3.2.jar;C:\Users\Elian\.m2\repository\org\lwjgl\lwjgl-odbc\3.3.2\lwjgl-odbc-3.3.2.jar;C:\Users\Elian\.m2\repository\org\lwjgl\lwjgl-openal\3.3.2\lwjg
Launcher Type: SUN_STANDARD

[Global flags]
     intx CICompilerCount                          = 4                                         {product} {ergonomic}
     uint ConcGCThreads                            = 2                                         {product} {ergonomic}
     uint G1ConcRefinementThreads                  = 8                                         {product} {ergonomic}
   size_t G1HeapRegionSize                         = 2097152                                   {product} {ergonomic}
    uintx GCDrainStackTargetSize                   = 64                                        {product} {ergonomic}
   size_t InitialHeapSize                          = 199229440                                 {product} {ergonomic}
   size_t MarkStackSize                            = 4194304                                   {product} {ergonomic}
   size_t MaxHeapSize                              = 3168796672                                {product} {ergonomic}
   size_t MaxNewSize                               = 1900019712                                {product} {ergonomic}
   size_t MinHeapDeltaBytes                        = 2097152                                   {product} {ergonomic}
   size_t MinHeapSize                              = 8388608                                   {product} {ergonomic}
    uintx NonNMethodCodeHeapSize                   = 5839372                                {pd product} {ergonomic}
    uintx NonProfiledCodeHeapSize                  = 122909434                              {pd product} {ergonomic}
    uintx ProfiledCodeHeapSize                     = 122909434                              {pd product} {ergonomic}
    uintx ReservedCodeCacheSize                    = 251658240                              {pd product} {ergonomic}
     bool SegmentedCodeCache                       = true                                      {product} {ergonomic}
   size_t SoftMaxHeapSize                          = 3168796672                             {manageable} {ergonomic}
     bool UseCompressedClassPointers               = true                           {product lp64_product} {ergonomic}
     bool UseCompressedOops                        = true                           {product lp64_product} {ergonomic}
     bool UseG1GC                                  = true                                      {product} {ergonomic}
     bool UseLargePagesIndividualAllocation        = false                                  {pd product} {ergonomic}

Logging:
Log output configuration:
 #0: stdout all=warning uptime,level,tags
 #1: stderr all=off uptime,level,tags

Environment Variables:
PATH=C:\Program Files\Common Files\Oracle\Java\javapath;C:\Program Files (x86)\Common Files\Oracle\Java\javapath;C:\WINDOWS\system32;C:\WINDOWS;C:\WINDOWS\System32\Wbem;C:\WINDOWS\System32\WindowsPowerShell\v1.0\;C:\WINDOWS\System32\OpenSSH\;C:\Program Files\dotnet\;C:\Gradle\gradle-8.0.2\bin;C:\Program Files\Maven\apache-maven-3.9.1\bin;C:\Program Files\Git\cmd;C:\Program Files\Git\bin;C:\Users\Elian\AppData\Local\Programs\Python\Python311\Scripts\;C:\Users\Elian\AppData\Local\Programs\Python\Python311\;C:\Users\Elian\AppData\Local\Microsoft\WindowsApps;C:\Users\Elian\.dotnet\tools;;C:\Program Files\JetBrains\IntelliJ IDEA Community Edition 2022.3.3\bin;
USERNAME=Elian
OS=Windows_NT
PROCESSOR_IDENTIFIER=Intel64 Family 6 Model 140 Stepping 1, GenuineIntel



---------------  S Y S T E M  ---------------

OS:
 Windows 11 , 64 bit Build 22621 (10.0.22621.2215)
OS uptime: 1 days 2:33 hours
Hyper-V role detected

CPU: total 8 (initial active 8) (4 cores per cpu, 2 threads per core) family 6 model 140 stepping 1 microcode 0x8a, cx8, cmov, fxsr, ht, mmx, 3dnowpref, sse, sse2, sse3, ssse3, sse4.1, sse4.2, popcnt, lzcnt, tsc, tscinvbit, avx, avx2, aes, erms, clmul, bmi1, bmi2, adx, avx512f, avx512dq, avx512cd, avx512bw, avx512vl, sha, fma, vzeroupper, avx512_vpopcntdq, avx512_vpclmulqdq, avx512_vaes, avx512_vnni, clflush, clflushopt, clwb, avx512_vbmi2, avx512_vbmi, hv

Memory: 4k page, system-wide physical 12087M (2023M free)
TotalPageFile size 20791M (AvailPageFile size 5850M)
current process WorkingSet (physical memory assigned to process): 60M, peak: 60M
current process commit charge ("private bytes"): 301M, peak: 301M

vm_info: Java HotSpot(TM) 64-Bit Server VM (17.0.2+8-LTS-86) for windows-amd64 JRE (17.0.2+8-LTS-86), built on Dec  7 2021 21:51:03 by "mach5one" with MS VC++ 16.8 / 16.9 (VS2019)

END.
